# JRE version: 7.0_21-b11
# Java VM: Java HotSpot(TM) 64-Bit Server VM (23.21-b01 mixed mode windows-amd64 compressed oops)
Heap
 PSYoungGen      total 69888K, used 11797K [0x00000007d5f60000, 0x00000007de7e0000, 0x0000000800000000)
  eden space 64512K, 9% used [0x00000007d5f60000,0x00000007d65a9a90,0x00000007d9e60000)
  from space 5376K, 99% used [0x00000007d9e60000,0x00000007da39bc98,0x00000007da3a0000)
  to   space 5376K, 0% used [0x00000007de2a0000,0x00000007de2a0000,0x00000007de7e0000)
 ParOldGen       total 86144K, used 8911K [0x0000000781e00000, 0x0000000787220000, 0x00000007d5f60000)
  object space 86144K, 10% used [0x0000000781e00000,0x00000007826b3f80,0x0000000787220000)
 PSPermGen       total 21248K, used 10986K [0x000000077cc00000, 0x000000077e0c0000, 0x0000000781e00000)
  object space 21248K, 51% used [0x000000077cc00000,0x000000077d6ba990,0x000000077e0c0000)
GC Heap History (6 events):
Event: 0.248 GC heap before
{Heap before GC invocations=1 (full 0):
 PSYoungGen      total 37632K, used 30195K [0x00000007d5f60000, 0x00000007d8960000, 0x0000000800000000)
  eden space 32256K, 93% used [0x00000007d5f60000,0x00000007d7cdcfc0,0x00000007d7ee0000)
  from space 5376K, 0% used [0x00000007d8420000,0x00000007d8420000,0x00000007d8960000)
  to   space 5376K, 0% used [0x00000007d7ee0000,0x00000007d7ee0000,0x00000007d8420000)
 ParOldGen       total 86144K, used 0K [0x0000000781e00000, 0x0000000787220000, 0x00000007d5f60000)
  object space 86144K, 0% used [0x0000000781e00000,0x0000000781e00000,0x0000000787220000)
 PSPermGen       total 21248K, used 8199K [0x000000077cc00000, 0x000000077e0c0000, 0x0000000781e00000)
  object space 21248K, 38% used [0x000000077cc00000,0x000000077d401ca8,0x000000077e0c0000)
Event: 0.252 GC heap after
Heap after GC invocations=1 (full 0):
 PSYoungGen      total 37632K, used 4923K [0x00000007d5f60000, 0x00000007da8e0000, 0x0000000800000000)
  eden space 32256K, 0% used [0x00000007d5f60000,0x00000007d5f60000,0x00000007d7ee0000)
  from space 5376K, 91% used [0x00000007d7ee0000,0x00000007d83aee00,0x00000007d8420000)
  to   space 5376K, 0% used [0x00000007da3a0000,0x00000007da3a0000,0x00000007da8e0000)
 ParOldGen       total 86144K, used 0K [0x0000000781e00000, 0x0000000787220000, 0x00000007d5f60000)
  object space 86144K, 0% used [0x0000000781e00000,0x0000000781e00000,0x0000000787220000)
 PSPermGen       total 21248K, used 8199K [0x000000077cc00000, 0x000000077e0c0000, 0x0000000781e00000)
  object space 21248K, 38% used [0x000000077cc00000,0x000000077d401ca8,0x000000077e0c0000)
}
Event: 0.258 GC heap before
{Heap before GC invocations=2 (full 0):
 PSYoungGen      total 37632K, used 33423K [0x00000007d5f60000, 0x00000007da8e0000, 0x0000000800000000)
  eden space 32256K, 88% used [0x00000007d5f60000,0x00000007d7b34e28,0x00000007d7ee0000)
  from space 5376K, 91% used [0x00000007d7ee0000,0x00000007d83aee00,0x00000007d8420000)
  to   space 5376K, 0% used [0x00000007da3a0000,0x00000007da3a0000,0x00000007da8e0000)
 ParOldGen       total 86144K, used 0K [0x0000000781e00000, 0x0000000787220000, 0x00000007d5f60000)
  object space 86144K, 0% used [0x0000000781e00000,0x0000000781e00000,0x0000000787220000)
 PSPermGen       total 21248K, used 8207K [0x000000077cc00000, 0x000000077e0c0000, 0x0000000781e00000)
  object space 21248K, 38% used [0x000000077cc00000,0x000000077d403ed0,0x000000077e0c0000)
Event: 0.261 GC heap after
Heap after GC invocations=2 (full 0):
 PSYoungGen      total 69888K, used 5170K [0x00000007d5f60000, 0x00000007da8e0000, 0x0000000800000000)
  eden space 64512K, 0% used [0x00000007d5f60000,0x00000007d5f60000,0x00000007d9e60000)
  from space 5376K, 96% used [0x00000007da3a0000,0x00000007da8ac980,0x00000007da8e0000)
  to   space 5376K, 0% used [0x00000007d9e60000,0x00000007d9e60000,0x00000007da3a0000)
 ParOldGen       total 86144K, used 0K [0x0000000781e00000, 0x0000000787220000, 0x00000007d5f60000)
  object space 86144K, 0% used [0x0000000781e00000,0x0000000781e00000,0x0000000787220000)
 PSPermGen       total 21248K, used 8207K [0x000000077cc00000, 0x000000077e0c0000, 0x0000000781e00000)
  object space 21248K, 38% used [0x000000077cc00000,0x000000077d403ed0,0x000000077e0c0000)
}
Event: 2.767 GC heap before
{Heap before GC invocations=3 (full 0):
 PSYoungGen      total 69888K, used 69682K [0x00000007d5f60000, 0x00000007da8e0000, 0x0000000800000000)
  eden space 64512K, 100% used [0x00000007d5f60000,0x00000007d9e60000,0x00000007d9e60000)
  from space 5376K, 96% used [0x00000007da3a0000,0x00000007da8ac980,0x00000007da8e0000)
  to   space 5376K, 0% used [0x00000007d9e60000,0x00000007d9e60000,0x00000007da3a0000)
 ParOldGen       total 86144K, used 0K [0x0000000781e00000, 0x0000000787220000, 0x00000007d5f60000)
  object space 86144K, 0% used [0x0000000781e00000,0x0000000781e00000,0x0000000787220000)
 PSPermGen       total 21248K, used 10868K [0x000000077cc00000, 0x000000077e0c0000, 0x0000000781e00000)
  object space 21248K, 51% used [0x000000077cc00000,0x000000077d69d168,0x000000077e0c0000)
Event: 2.773 GC heap after
Heap after GC invocations=3 (full 0):
 PSYoungGen      total 69888K, used 5359K [0x00000007d5f60000, 0x00000007de7e0000, 0x0000000800000000)
  eden space 64512K, 0% used [0x00000007d5f60000,0x00000007d5f60000,0x00000007d9e60000)
  from space 5376K, 99% used [0x00000007d9e60000,0x00000007da39bc98,0x00000007da3a0000)
  to   space 5376K, 0% used [0x00000007de2a0000,0x00000007de2a0000,0x00000007de7e0000)
 ParOldGen       total 86144K, used 8911K [0x0000000781e00000, 0x0000000787220000, 0x00000007d5f60000)
  object space 86144K, 10% used [0x0000000781e00000,0x00000007826b3f80,0x0000000787220000)
 PSPermGen       total 21248K, used 10868K [0x000000077cc00000, 0x000000077e0c0000, 0x0000000781e00000)
  object space 21248K, 51% used [0x000000077cc00000,0x000000077d69d168,0x000000077e0c0000)
}

